0 info it worked if it ends with ok
1 verbose cli [ 'C:\\Program Files\\nodejs\\node.exe',
1 verbose cli   'C:\\Program Files\\nodejs\\node_modules\\npm\\bin\\npm-cli.js',
1 verbose cli   'start' ]
2 info using npm@3.10.10
3 info using node@v6.10.3
4 verbose run-script [ 'prestart', 'start', 'poststart' ]
5 info lifecycle starwars-express@1.0.0~prestart: starwars-express@1.0.0
6 silly lifecycle starwars-express@1.0.0~prestart: no script for prestart, continuing
7 info lifecycle starwars-express@1.0.0~start: starwars-express@1.0.0
8 verbose lifecycle starwars-express@1.0.0~start: unsafe-perm in lifecycle true
9 verbose lifecycle starwars-express@1.0.0~start: PATH: C:\Program Files\nodejs\node_modules\npm\bin\node-gyp-bin;C:\Users\libertycapped\Desktop\CODE\Week 15 Sep 11th-Sep 17th Express\Monday Sep11th Express\herokuApp\herokuApp\node_modules\.bin;C:\ProgramData\Oracle\Java\javapath;C:\ProgramData\Oracle\Java\javapath%JAVA_HOME%\bin;C:\Program Files (x86)\Intel\iCLS Client\;C:\Program Files\Intel\iCLS Client\;C:\Windows\system32;C:\Windows;C:\Windows\System32\Wbem;C:\Windows\System32\WindowsPowerShell\v1.0\;C:\Program Files\Intel\WiFi\bin\;C:\Program Files\Common Files\Intel\WirelessCommon\;C:\Program Files\Intel\Intel(R) Management Engine Components\DAL;C:\Program Files\Intel\Intel(R) Management Engine Components\IPT;C:\Program Files (x86)\Intel\Intel(R) Management Engine Components\DAL;C:\Program Files (x86)\Intel\Intel(R) Management Engine Components\IPT;C:\Program Files (x86)\NVIDIA Corporation\PhysX\Common;C:\WINDOWS\system32;C:\WINDOWS;C:\WINDOWS\System32\Wbem;C:\WINDOWS\System32\WindowsPowerShell\v1.0\;C:\Program Files\MySQL\MySQL Utilities 1.6\;C:\RailsInstaller\Git\cmd;C:\Program Files\nodejs\;C:\RailsInstaller\Git\cmd;C:\RailsInstaller\Ruby2.2.0\bin;D:\Program Files\RailsInstaller\Git\cmd;D:\Program Files\RailsInstaller\Ruby2.2.0\bin;C:\Users\libertycapped\AppData\Local\Programs\Python\Python35\Scripts\;C:\Users\libertycapped\AppData\Local\Programs\Python\Python35;C:\Users\libertycapped\AppData\Local\Microsoft\WindowsApps;C:\Program Files\Heroku\bin;C:\Program Files (x86)\Notepad++;search-ms:displayname=Search%20Results%20in%20Program%20Files&crumb=location:C%3A%5CProgram%20Files\Sublime Text 2;C:\Users\libertycapped\AppData\Roaming\npm;;D:\Program Files\Microsoft VS Code\bin
10 verbose lifecycle starwars-express@1.0.0~start: CWD: C:\Users\libertycapped\Desktop\CODE\Week 15 Sep 11th-Sep 17th Express\Monday Sep11th Express\herokuApp\herokuApp
11 silly lifecycle starwars-express@1.0.0~start: Args: [ '/d /s /c', 'node server6.js' ]
12 silly lifecycle starwars-express@1.0.0~start: Returned: code: 1  signal: null
13 info lifecycle starwars-express@1.0.0~start: Failed to exec start script
14 verbose stack Error: starwars-express@1.0.0 start: `node server6.js`
14 verbose stack Exit status 1
14 verbose stack     at EventEmitter.<anonymous> (C:\Program Files\nodejs\node_modules\npm\lib\utils\lifecycle.js:255:16)
14 verbose stack     at emitTwo (events.js:106:13)
14 verbose stack     at EventEmitter.emit (events.js:191:7)
14 verbose stack     at ChildProcess.<anonymous> (C:\Program Files\nodejs\node_modules\npm\lib\utils\spawn.js:40:14)
14 verbose stack     at emitTwo (events.js:106:13)
14 verbose stack     at ChildProcess.emit (events.js:191:7)
14 verbose stack     at maybeClose (internal/child_process.js:886:16)
14 verbose stack     at Process.ChildProcess._handle.onexit (internal/child_process.js:226:5)
15 verbose pkgid starwars-express@1.0.0
16 verbose cwd C:\Users\libertycapped\Desktop\CODE\Week 15 Sep 11th-Sep 17th Express\Monday Sep11th Express\herokuApp\herokuApp
17 error Windows_NT 10.0.15063
18 error argv "C:\\Program Files\\nodejs\\node.exe" "C:\\Program Files\\nodejs\\node_modules\\npm\\bin\\npm-cli.js" "start"
19 error node v6.10.3
20 error npm  v3.10.10
21 error code ELIFECYCLE
22 error starwars-express@1.0.0 start: `node server6.js`
22 error Exit status 1
23 error Failed at the starwars-express@1.0.0 start script 'node server6.js'.
23 error Make sure you have the latest version of node.js and npm installed.
23 error If you do, this is most likely a problem with the starwars-express package,
23 error not with npm itself.
23 error Tell the author that this fails on your system:
23 error     node server6.js
23 error You can get information on how to open an issue for this project with:
23 error     npm bugs starwars-express
23 error Or if that isn't available, you can get their info via:
23 error     npm owner ls starwars-express
23 error There is likely additional logging output above.
24 verbose exit [ 1, true ]
